2016-03-18 13:11:10,749 INFO: test@soopro.com has been registered. [in /Users/majik/github/supmice/blueprints/users/controllers/base.py:139]
2016-03-18 13:13:20,822 INFO: test@soopro.com has created a(n) ws application [in /Users/majik/github/supmice/blueprints/app/controllers/base.py:91]
2016-03-18 13:13:20,838 INFO: test@soopro.com has created a(n) wx application [in /Users/majik/github/supmice/blueprints/app/controllers/base.py:91]
2016-03-25 14:29:46,703 INFO: majik@soopro.com has been registered. [in /Users/majik/github/supmice/blueprints/users/controllers/base.py:139]
2016-03-25 14:30:45,762 INFO: majik@soopro.com has created a(n) ws application [in /Users/majik/github/supmice/blueprints/app/controllers/base.py:91]
2016-03-25 14:30:45,788 INFO: majik@soopro.com has created a(n) wx application [in /Users/majik/github/supmice/blueprints/app/controllers/base.py:91]
2016-03-25 16:21:07,900 INFO: majik@soopro.com has created a(n) ws application [in /Users/majik/github/supmice/blueprints/app/controllers/base.py:91]
2016-04-07 15:21:40,784 INFO: majik@soopro.com has been registered. [in /Users/majik/github/supmice/blueprints/users/controllers/base.py:130]
2016-04-07 15:22:27,868 INFO: majik@soopro.com has created a(n) ws application [in /Users/majik/github/supmice/blueprints/app/controllers/base.py:91]
2016-04-07 15:22:27,887 INFO: majik@soopro.com has created a(n) wx application [in /Users/majik/github/supmice/blueprints/app/controllers/base.py:91]
2016-04-13 16:21:25,230 INFO: test@test.com has been registered. [in /Users/majik/github/supmice/blueprints/users/controllers/base.py:130]
2016-04-13 16:38:55,447 INFO: test1@test.com has been registered. [in /Users/majik/github/supmice/blueprints/users/controllers/base.py:130]
2016-04-14 14:27:25,814 INFO: test2@test.com has been registered. [in /Users/majik/github/supmice/blueprints/users/controllers/base.py:130]
2016-04-14 14:29:45,058 INFO: test3@test.com has been registered. [in /Users/majik/github/supmice/blueprints/users/controllers/base.py:130]
2016-04-14 14:37:51,387 INFO: test3@test.com has created a(n) ws application [in /Users/majik/github/supmice/blueprints/app/controllers/base.py:91]
2016-04-14 19:57:12,917 INFO: test4@test.com has been registered. [in /Users/majik/github/supmice/blueprints/users/controllers/base.py:130]
2016-04-15 15:38:32,438 INFO: test5@test.com has been registered. [in /Users/majik/github/supmice/blueprints/users/controllers/base.py:130]
2016-04-15 15:41:22,627 INFO: test6@test.com has been registered. [in /Users/majik/github/supmice/blueprints/users/controllers/base.py:130]
2016-04-15 15:49:51,752 INFO: test7@test.com has been registered. [in /Users/majik/github/supmice/blueprints/users/controllers/base.py:130]
2016-04-15 15:57:29,978 INFO: test8@test.com has been registered. [in /Users/majik/github/supmice/blueprints/users/controllers/base.py:130]
2016-04-15 16:01:28,029 INFO: test9@test.com has been registered. [in /Users/majik/github/supmice/blueprints/users/controllers/base.py:130]
